<?xml version="1.0" encoding="UTF-8"?>
<!-- Generated by org.testng.reporters.JUnitXMLReporter -->
<testsuite ignored="13" hostname="DESKTOP-PPD5A5P" failures="9" tests="38" name="TestNG Feature Test" time="89.118" errors="0" timestamp="2024-05-24T12:25:18 IST">
  <testcase classname="TestNG.ExceptionTimeOutTest" name="test1" time="0.006"/>
  <testcase classname="TestNG.TestNGBasics" name="searchtext" time="0.002"/>
  <testcase classname="TestNG.TestNGFeatures" name="loginTest" time="0.0">
    <failure type="java.lang.ArithmeticException" message="/ by zero">
      <![CDATA[java.lang.ArithmeticException: / by zero
at TestNG.TestNGFeatures.loginTest(TestNGFeatures.java:11)
at java.base/java.util.ArrayList.forEach(ArrayList.java:1511)
... Removed 27 stack frames]]>
    </failure>
  </testcase> <!-- loginTest -->
  <testcase classname="TestNG.TestNGFeatures" name="HomePageTest" time="0.0">
    <skipped/>
  </testcase> <!-- HomePageTest -->
  <testcase classname="TestNG.TestNGFeatures" name="RegistrationTest" time="0.0">
    <skipped/>
  </testcase> <!-- RegistrationTest -->
  <testcase classname="TestNG.TestNGFeatures" name="SearchPageTest" time="0.0">
    <skipped/>
  </testcase> <!-- SearchPageTest -->
  <testcase classname="TestNG.GoogleTest" name="mailpartiallink" time="0.001">
    <failure type="java.lang.NullPointerException" message="Cannot invoke &amp;quot;org.openqa.selenium.WebDriver.findElement(org.openqa.selenium.By)&amp;quot; because &amp;quot;this.driver&amp;quot; is null">
      <![CDATA[java.lang.NullPointerException: Cannot invoke "org.openqa.selenium.WebDriver.findElement(org.openqa.selenium.By)" because "this.driver" is null
at TestNG.GoogleTest.mailpartiallink(GoogleTest.java:46)
at java.base/java.util.ArrayList.forEach(ArrayList.java:1511)
... Removed 27 stack frames]]>
    </failure>
  </testcase> <!-- mailpartiallink -->
  <testcase classname="TestNG.GoogleTitleTest" name="googleTitleTest" time="0.016"/>
  <testcase classname="TestNG.GoogleTitleTest" name="googleLogotest" time="0.05"/>
  <testcase classname="TestNG.ExceptionTimeOutTest" name="test" time="0.002">
    <failure type="org.testng.TestException" message="
Method ExceptionTimeOutTest.test()[pri:10, instance:TestNG.ParameterTest@6c130c45] should have thrown an exception of type class java.lang.NumberFormatException">
      <![CDATA[org.testng.TestException: 
Method ExceptionTimeOutTest.test()[pri:10, instance:TestNG.ParameterTest@6c130c45] should have thrown an exception of type class java.lang.NumberFormatException
at java.base/java.util.ArrayList.forEach(ArrayList.java:1511)
... Removed 24 stack frames]]>
    </failure>
  </testcase> <!-- test -->
  <testcase classname="TestNG.ParameterTest" name="RoksaanAdminLogin" time="16.516"/>
  <testcase classname="TestNG.TestNGFeatures" name="HomePageTest" time="0.0">
    <skipped/>
  </testcase> <!-- HomePageTest -->
  <testcase classname="TestNG.TestNGFeatures" name="RegistrationTest" time="0.0">
    <skipped/>
  </testcase> <!-- RegistrationTest -->
  <testcase classname="TestNG.TestNGFeatures" name="SearchPageTest" time="0.0">
    <skipped/>
  </testcase> <!-- SearchPageTest -->
  <testcase classname="TestNG.TestNGBasics" name="googleTitleTest" time="0.003"/>
  <testcase classname="TestNG.TestNGBasics" name="searchtext" time="0.002"/>
  <testcase classname="TestNG.TestNGFeatures" name="loginTest" time="0.001">
    <failure type="java.lang.ArithmeticException" message="/ by zero">
      <![CDATA[java.lang.ArithmeticException: / by zero
at TestNG.TestNGFeatures.loginTest(TestNGFeatures.java:11)
at java.base/java.util.ArrayList.forEach(ArrayList.java:1511)
... Removed 27 stack frames]]>
    </failure>
  </testcase> <!-- loginTest -->
  <testcase classname="TestNG.TestNGFeatures" name="HomePageTest" time="0.0">
    <skipped/>
  </testcase> <!-- HomePageTest -->
  <testcase classname="TestNG.TestNGFeatures" name="RegistrationTest" time="0.0">
    <skipped/>
  </testcase> <!-- RegistrationTest -->
  <testcase classname="TestNG.TestNGFeatures" name="SearchPageTest" time="0.0">
    <skipped/>
  </testcase> <!-- SearchPageTest -->
  <testcase classname="TestNG.ExceptionTimeOutTest" name="test1" time="0.001"/>
  <testcase classname="TestNG.TestNGBasics" name="searchtext" time="0.001"/>
  <testcase classname="TestNG.TestNGFeatures" name="loginTest" time="0.001">
    <failure type="java.lang.ArithmeticException" message="/ by zero">
      <![CDATA[java.lang.ArithmeticException: / by zero
at TestNG.TestNGFeatures.loginTest(TestNGFeatures.java:11)
at java.base/java.util.ArrayList.forEach(ArrayList.java:1511)
... Removed 27 stack frames]]>
    </failure>
  </testcase> <!-- loginTest -->
  <testcase classname="TestNG.GoogleTest" name="mailpartiallink" time="0.001">
    <failure type="java.lang.NullPointerException" message="Cannot invoke &amp;quot;org.openqa.selenium.WebDriver.findElement(org.openqa.selenium.By)&amp;quot; because &amp;quot;this.driver&amp;quot; is null">
      <![CDATA[java.lang.NullPointerException: Cannot invoke "org.openqa.selenium.WebDriver.findElement(org.openqa.selenium.By)" because "this.driver" is null
at TestNG.GoogleTest.mailpartiallink(GoogleTest.java:46)
at java.base/java.util.ArrayList.forEach(ArrayList.java:1511)
... Removed 27 stack frames]]>
    </failure>
  </testcase> <!-- mailpartiallink -->
  <testcase classname="TestNG.GoogleTitleTest" name="googleTitleTest" time="0.012"/>
  <testcase classname="TestNG.GoogleTitleTest" name="googleLogotest" time="0.034"/>
  <testcase classname="TestNG.ExceptionTimeOutTest" name="test" time="0.001">
    <failure type="org.testng.TestException" message="
Method ExceptionTimeOutTest.test()[pri:10, instance:TestNG.ExceptionTimeOutTest@223aa2f7] should have thrown an exception of type class java.lang.NumberFormatException">
      <![CDATA[org.testng.TestException: 
Method ExceptionTimeOutTest.test()[pri:10, instance:TestNG.ExceptionTimeOutTest@223aa2f7] should have thrown an exception of type class java.lang.NumberFormatException
at java.base/java.util.ArrayList.forEach(ArrayList.java:1511)
... Removed 24 stack frames]]>
    </failure>
  </testcase> <!-- test -->
  <testcase classname="TestNG.TestNGFeatures" name="HomePageTest" time="0.0">
    <skipped/>
  </testcase> <!-- HomePageTest -->
  <testcase classname="TestNG.TestNGFeatures" name="RegistrationTest" time="0.0">
    <skipped/>
  </testcase> <!-- RegistrationTest -->
  <testcase classname="TestNG.TestNGFeatures" name="SearchPageTest" time="0.0">
    <skipped/>
  </testcase> <!-- SearchPageTest -->
  <testcase classname="TestNG.TestNGBasics" name="searchtext" time="0.001"/>
  <testcase classname="TestNG.TestNGFeatures" name="loginTest" time="0.0">
    <failure type="java.lang.ArithmeticException" message="/ by zero">
      <![CDATA[java.lang.ArithmeticException: / by zero
at TestNG.TestNGFeatures.loginTest(TestNGFeatures.java:11)
at java.base/java.util.ArrayList.forEach(ArrayList.java:1511)
... Removed 27 stack frames]]>
    </failure>
  </testcase> <!-- loginTest -->
  <testcase classname="TestNG.GoogleTest" name="mailpartiallink" time="0.0">
    <failure type="java.lang.NullPointerException" message="Cannot invoke &amp;quot;org.openqa.selenium.WebDriver.findElement(org.openqa.selenium.By)&amp;quot; because &amp;quot;this.driver&amp;quot; is null">
      <![CDATA[java.lang.NullPointerException: Cannot invoke "org.openqa.selenium.WebDriver.findElement(org.openqa.selenium.By)" because "this.driver" is null
at TestNG.GoogleTest.mailpartiallink(GoogleTest.java:46)
at java.base/java.util.ArrayList.forEach(ArrayList.java:1511)
... Removed 27 stack frames]]>
    </failure>
  </testcase> <!-- mailpartiallink -->
  <testcase classname="TestNG.GoogleTest" name="test1" time="0.0"/>
  <testcase classname="TestNG.GoogleTitleTest" name="googleTitleTest" time="0.012"/>
  <testcase classname="TestNG.GoogleTitleTest" name="googleLogotest" time="0.034"/>
  <testcase classname="TestNG.TestNGBasics" name="googleTitleTest" time="0.001"/>
  <testcase classname="TestNG.TestNGBasics" name="searchtext" time="0.001"/>
  <testcase classname="TestNG.TestNGBasics" name="@BeforeSuite setup" time="0.0">
    <ignored/>
  </testcase> <!-- @BeforeSuite setup -->
  <testcase classname="TestNG.TestNGBasics" name="@BeforeSuite setup" time="0.0">
    <ignored/>
  </testcase> <!-- @BeforeSuite setup -->
  <testcase classname="TestNG.TestNGBasics" name="@BeforeSuite setup" time="0.0">
    <ignored/>
  </testcase> <!-- @BeforeSuite setup -->
  <testcase classname="TestNG.TestNGBasics" name="@BeforeSuite setup" time="0.0">
    <ignored/>
  </testcase> <!-- @BeforeSuite setup -->
  <testcase classname="TestNG.InvocationCountTest" name="sum" time="0.0">
    <ignored/>
  </testcase> <!-- sum -->
  <testcase classname="TestNG.TestNGBasics" name="@AfterTest CloseBrowser" time="0.0">
    <ignored/>
  </testcase> <!-- @AfterTest CloseBrowser -->
  <testcase classname="TestNG.TestNGBasics" name="@AfterTest CloseBrowser" time="0.0">
    <ignored/>
  </testcase> <!-- @AfterTest CloseBrowser -->
  <testcase classname="TestNG.TestNGBasics" name="@AfterTest CloseBrowser" time="0.0">
    <ignored/>
  </testcase> <!-- @AfterTest CloseBrowser -->
  <testcase classname="TestNG.TestNGBasics" name="@AfterTest CloseBrowser" time="0.0">
    <ignored/>
  </testcase> <!-- @AfterTest CloseBrowser -->
  <testcase classname="TestNG.TestNGBasics" name="@BeforeTest launchBrowser" time="0.0">
    <ignored/>
  </testcase> <!-- @BeforeTest launchBrowser -->
  <testcase classname="TestNG.TestNGBasics" name="@BeforeTest launchBrowser" time="0.0">
    <ignored/>
  </testcase> <!-- @BeforeTest launchBrowser -->
  <testcase classname="TestNG.TestNGBasics" name="@BeforeTest launchBrowser" time="0.0">
    <ignored/>
  </testcase> <!-- @BeforeTest launchBrowser -->
  <testcase classname="TestNG.TestNGBasics" name="@BeforeTest launchBrowser" time="0.0">
    <ignored/>
  </testcase> <!-- @BeforeTest launchBrowser -->
</testsuite> <!-- TestNG Feature Test -->
